<?xml version="1.0" encoding="utf-8"?>
<TestRun id="bc1b5e23-9c8c-4588-8873-1c9ea7b55752" name="@7ab21d02b93f 2022-11-24 00:27:10" xmlns="http://microsoft.com/schemas/VisualStudio/TeamTest/2010">
  <Times creation="2022-11-24T00:27:10.0423047+00:00" queuing="2022-11-24T00:27:10.0423048+00:00" start="2022-11-24T00:27:09.5745173+00:00" finish="2022-11-24T00:27:10.0426922+00:00" />
  <TestSettings name="default" id="f258959c-a8a8-474d-a429-cbb85efc3e38">
    <Deployment runDeploymentRoot="_7ab21d02b93f_2022-11-24_00_27_10" />
  </TestSettings>
  <TestLists>
    <TestList name="Results Not in a List" id="8c84fa94-04c1-424b-9868-57a2d4851a1d" />
    <TestList name="All Loaded Results" id="19431567-8539-422a-85d7-44ee4e166bda" />
  </TestLists>
  <ResultSummary outcome="Completed">
    <Counters total="0" executed="0" passed="0" failed="0" error="0" timeout="0" aborted="0" inconclusive="0" passedButRunAborted="0" notRunnable="0" notExecuted="0" disconnected="0" warning="0" completed="0" inProgress="0" pending="0" />
    <RunInfos>
      <RunInfo computerName="7ab21d02b93f" outcome="Warning" timestamp="2022-11-24T00:27:09.9667237+00:00">
        <Text>No test is available in /workspace/tests/FSharp.CosmosDb.Tests/bin/Debug/net6.0/FSharp.CosmosDb.Tests.dll. Make sure that test discoverer &amp; executors are registered and platform &amp; framework version settings are appropriate and try again.</Text>
      </RunInfo>
    </RunInfos>
  </ResultSummary>
</TestRun>